2022-10-18 09:15:48.822  INFO 22700 --- [restartedMain] com.hygor.msclient.MsclientApplication   : Starting MsclientApplication using Java 11.0.15 on MacBook-Air-de-Hygor.local with PID 22700 (/Users/hygor/Developer/Java/CursoRabbitMQ/msclient/target/classes started by hygor in /Users/hygor/Developer/Java/CursoRabbitMQ/msclient)
2022-10-18 09:15:48.822  INFO 22700 --- [restartedMain] com.hygor.msclient.MsclientApplication   : No active profile set, falling back to 1 default profile: "default"
2022-10-18 09:15:48.844  INFO 22700 --- [restartedMain] .e.DevToolsPropertyDefaultsPostProcessor : Devtools property defaults active! Set 'spring.devtools.add-properties' to 'false' to disable
2022-10-18 09:15:48.845  INFO 22700 --- [restartedMain] .e.DevToolsPropertyDefaultsPostProcessor : For additional web related logging consider setting the 'logging.level.web' property to 'DEBUG'
2022-10-18 09:15:49.320  INFO 22700 --- [restartedMain] .s.d.r.c.RepositoryConfigurationDelegate : Bootstrapping Spring Data JPA repositories in DEFAULT mode.
2022-10-18 09:15:49.412  INFO 22700 --- [restartedMain] .s.d.r.c.RepositoryConfigurationDelegate : Finished Spring Data repository scanning in 87 ms. Found 1 JPA repository interfaces.
2022-10-18 09:15:49.538  INFO 22700 --- [restartedMain] o.s.cloud.context.scope.GenericScope     : BeanFactory id=7007402a-aa3b-3fc5-8a40-5212e36a1bd1
2022-10-18 09:15:49.930  INFO 22700 --- [restartedMain] o.s.b.w.embedded.tomcat.TomcatWebServer  : Tomcat initialized with port(s): 0 (http)
2022-10-18 09:15:49.937  INFO 22700 --- [restartedMain] o.apache.catalina.core.StandardService   : Starting service [Tomcat]
2022-10-18 09:15:49.937  INFO 22700 --- [restartedMain] org.apache.catalina.core.StandardEngine  : Starting Servlet engine: [Apache Tomcat/9.0.65]
2022-10-18 09:15:49.984  INFO 22700 --- [restartedMain] o.a.c.c.C.[Tomcat].[localhost].[/]       : Initializing Spring embedded WebApplicationContext
2022-10-18 09:15:49.984  INFO 22700 --- [restartedMain] w.s.c.ServletWebServerApplicationContext : Root WebApplicationContext: initialization completed in 1139 ms
2022-10-18 09:15:50.055  INFO 22700 --- [restartedMain] com.zaxxer.hikari.HikariDataSource       : HikariPool-1 - Starting...
2022-10-18 09:15:50.194  INFO 22700 --- [restartedMain] com.zaxxer.hikari.HikariDataSource       : HikariPool-1 - Start completed.
2022-10-18 09:15:50.201  INFO 22700 --- [restartedMain] o.s.b.a.h2.H2ConsoleAutoConfiguration    : H2 console available at '/h2-console'. Database available at 'jdbc:h2:mem:dbd3c850-e2db-4c24-b9b7-87e90d1b221a'
2022-10-18 09:15:50.314  INFO 22700 --- [restartedMain] o.hibernate.jpa.internal.util.LogHelper  : HHH000204: Processing PersistenceUnitInfo [name: default]
2022-10-18 09:15:50.345  INFO 22700 --- [restartedMain] org.hibernate.Version                    : HHH000412: Hibernate ORM core version 5.6.11.Final
2022-10-18 09:15:50.445  INFO 22700 --- [restartedMain] o.hibernate.annotations.common.Version   : HCANN000001: Hibernate Commons Annotations {5.1.2.Final}
2022-10-18 09:15:50.514  INFO 22700 --- [restartedMain] org.hibernate.dialect.Dialect            : HHH000400: Using dialect: org.hibernate.dialect.H2Dialect
2022-10-18 09:15:50.792  INFO 22700 --- [restartedMain] o.h.e.t.j.p.i.JtaPlatformInitiator       : HHH000490: Using JtaPlatform implementation: [org.hibernate.engine.transaction.jta.platform.internal.NoJtaPlatform]
2022-10-18 09:15:50.797  INFO 22700 --- [restartedMain] j.LocalContainerEntityManagerFactoryBean : Initialized JPA EntityManagerFactory for persistence unit 'default'
2022-10-18 09:15:50.984  WARN 22700 --- [restartedMain] JpaBaseConfiguration$JpaWebConfiguration : spring.jpa.open-in-view is enabled by default. Therefore, database queries may be performed during view rendering. Explicitly configure spring.jpa.open-in-view to disable this warning
2022-10-18 09:15:51.293  INFO 22700 --- [restartedMain] o.s.b.d.a.OptionalLiveReloadServer       : LiveReload server is running on port 35729
2022-10-18 09:15:51.303  INFO 22700 --- [restartedMain] DiscoveryClientOptionalArgsConfiguration : Eureka HTTP Client uses RestTemplate.
2022-10-18 09:15:51.339  WARN 22700 --- [restartedMain] iguration$LoadBalancerCaffeineWarnLogger : Spring Cloud LoadBalancer is currently working with the default cache. While this cache implementation is useful for development and tests, it's recommended to use Caffeine cache in production.You can switch to using Caffeine cache, by adding it and org.springframework.cache.caffeine.CaffeineCacheManager to the classpath.
2022-10-18 09:15:51.341  INFO 22700 --- [restartedMain] o.s.b.a.e.web.EndpointLinksResolver      : Exposing 17 endpoint(s) beneath base path '/actuator'
2022-10-18 09:15:51.371  INFO 22700 --- [restartedMain] o.s.b.w.embedded.tomcat.TomcatWebServer  : Tomcat started on port(s): 53117 (http) with context path ''
2022-10-18 09:15:51.372  INFO 22700 --- [restartedMain] .s.c.n.e.s.EurekaAutoServiceRegistration : Updating port to 53117
2022-10-18 09:15:51.374  INFO 22700 --- [restartedMain] o.s.c.n.eureka.InstanceInfoFactory       : Setting initial instance status as: STARTING
2022-10-18 09:15:51.412  INFO 22700 --- [restartedMain] com.netflix.discovery.DiscoveryClient    : Initializing Eureka in region us-east-1
2022-10-18 09:15:51.414  INFO 22700 --- [restartedMain] c.n.d.s.r.aws.ConfigClusterResolver      : Resolving eureka endpoints via configuration
2022-10-18 09:15:51.429  INFO 22700 --- [restartedMain] com.netflix.discovery.DiscoveryClient    : Disable delta property : false
2022-10-18 09:15:51.429  INFO 22700 --- [restartedMain] com.netflix.discovery.DiscoveryClient    : Single vip registry refresh property : null
2022-10-18 09:15:51.429  INFO 22700 --- [restartedMain] com.netflix.discovery.DiscoveryClient    : Force full registry fetch : false
2022-10-18 09:15:51.429  INFO 22700 --- [restartedMain] com.netflix.discovery.DiscoveryClient    : Application is null : false
2022-10-18 09:15:51.429  INFO 22700 --- [restartedMain] com.netflix.discovery.DiscoveryClient    : Registered Applications size is zero : true
2022-10-18 09:15:51.429  INFO 22700 --- [restartedMain] com.netflix.discovery.DiscoveryClient    : Application version is -1: true
2022-10-18 09:15:51.429  INFO 22700 --- [restartedMain] com.netflix.discovery.DiscoveryClient    : Getting all instance registry info from the eureka server
2022-10-18 09:15:51.919  INFO 22700 --- [restartedMain] com.netflix.discovery.DiscoveryClient    : The response status is 200
2022-10-18 09:15:51.920  INFO 22700 --- [restartedMain] com.netflix.discovery.DiscoveryClient    : Starting heartbeat executor: renew interval is: 30
2022-10-18 09:15:51.921  INFO 22700 --- [restartedMain] c.n.discovery.InstanceInfoReplicator     : InstanceInfoReplicator onDemand update allowed rate per min is 4
2022-10-18 09:15:51.924  INFO 22700 --- [restartedMain] com.netflix.discovery.DiscoveryClient    : Discovery Client initialized at timestamp 1666095351923 with initial instances count: 0
2022-10-18 09:15:51.926  INFO 22700 --- [restartedMain] o.s.c.n.e.s.EurekaServiceRegistry        : Registering application MSCLIENT with eureka with status UP
2022-10-18 09:15:51.926  INFO 22700 --- [restartedMain] com.netflix.discovery.DiscoveryClient    : Saw local status change event StatusChangeEvent [timestamp=1666095351926, current=UP, previous=STARTING]
2022-10-18 09:15:51.927  INFO 22700 --- [DiscoveryClient-InstanceInfoReplicator-0] com.netflix.discovery.DiscoveryClient    : DiscoveryClient_MSCLIENT/msclient:6016d4777c26826375ff90606f35d572: registering service...
2022-10-18 09:15:51.941  INFO 22700 --- [restartedMain] com.hygor.msclient.MsclientApplication   : Started MsclientApplication in 3.437 seconds (JVM running for 3.758)
2022-10-18 09:15:52.080  INFO 22700 --- [DiscoveryClient-InstanceInfoReplicator-0] com.netflix.discovery.DiscoveryClient    : DiscoveryClient_MSCLIENT/msclient:6016d4777c26826375ff90606f35d572 - registration status: 204
2022-10-18 09:16:02.623  INFO 22700 --- [http-nio-auto-1-exec-1] o.a.c.c.C.[Tomcat].[localhost].[/]       : Initializing Spring DispatcherServlet 'dispatcherServlet'
2022-10-18 09:16:02.624  INFO 22700 --- [http-nio-auto-1-exec-1] o.s.web.servlet.DispatcherServlet        : Initializing Servlet 'dispatcherServlet'
2022-10-18 09:16:02.628  INFO 22700 --- [http-nio-auto-1-exec-1] o.s.web.servlet.DispatcherServlet        : Completed initialization in 4 ms
2022-10-18 09:16:21.926  INFO 22700 --- [DiscoveryClient-CacheRefreshExecutor-0] com.netflix.discovery.DiscoveryClient    : Disable delta property : false
2022-10-18 09:16:21.927  INFO 22700 --- [DiscoveryClient-CacheRefreshExecutor-0] com.netflix.discovery.DiscoveryClient    : Single vip registry refresh property : null
2022-10-18 09:16:21.927  INFO 22700 --- [DiscoveryClient-CacheRefreshExecutor-0] com.netflix.discovery.DiscoveryClient    : Force full registry fetch : false
2022-10-18 09:16:21.927  INFO 22700 --- [DiscoveryClient-CacheRefreshExecutor-0] com.netflix.discovery.DiscoveryClient    : Application is null : false
2022-10-18 09:16:21.927  INFO 22700 --- [DiscoveryClient-CacheRefreshExecutor-0] com.netflix.discovery.DiscoveryClient    : Registered Applications size is zero : true
2022-10-18 09:16:21.927  INFO 22700 --- [DiscoveryClient-CacheRefreshExecutor-0] com.netflix.discovery.DiscoveryClient    : Application version is -1: false
2022-10-18 09:16:21.927  INFO 22700 --- [DiscoveryClient-CacheRefreshExecutor-0] com.netflix.discovery.DiscoveryClient    : Getting all instance registry info from the eureka server
2022-10-18 09:16:21.963  INFO 22700 --- [DiscoveryClient-CacheRefreshExecutor-0] com.netflix.discovery.DiscoveryClient    : The response status is 200
2022-10-18 09:20:24.470  INFO 22700 --- [SpringApplicationShutdownHook] o.s.c.n.e.s.EurekaServiceRegistry        : Unregistering application MSCLIENT with eureka with status DOWN
2022-10-18 09:20:24.471  INFO 22700 --- [SpringApplicationShutdownHook] com.netflix.discovery.DiscoveryClient    : Saw local status change event StatusChangeEvent [timestamp=1666095624471, current=DOWN, previous=UP]
2022-10-18 09:20:24.472  INFO 22700 --- [DiscoveryClient-InstanceInfoReplicator-0] com.netflix.discovery.DiscoveryClient    : DiscoveryClient_MSCLIENT/msclient:6016d4777c26826375ff90606f35d572: registering service...
2022-10-18 09:20:24.489  INFO 22700 --- [DiscoveryClient-InstanceInfoReplicator-0] com.netflix.discovery.DiscoveryClient    : DiscoveryClient_MSCLIENT/msclient:6016d4777c26826375ff90606f35d572 - registration status: 204
2022-10-18 09:20:24.540  INFO 22700 --- [SpringApplicationShutdownHook] j.LocalContainerEntityManagerFactoryBean : Closing JPA EntityManagerFactory for persistence unit 'default'
2022-10-18 09:20:24.541  INFO 22700 --- [SpringApplicationShutdownHook] .SchemaDropperImpl$DelayedDropActionImpl : HHH000477: Starting delayed evictData of schema as part of SessionFactory shut-down'
2022-10-18 09:20:24.753  WARN 22700 --- [SpringApplicationShutdownHook] o.s.b.f.support.DisposableBeanAdapter    : Invocation of destroy method failed on bean with name 'inMemoryDatabaseShutdownExecutor': org.h2.jdbc.JdbcSQLNonTransientConnectionException: Database is already closed (to disable automatic closing at VM shutdown, add ";DB_CLOSE_ON_EXIT=FALSE" to the db URL) [90121-214]
2022-10-18 09:20:24.754  INFO 22700 --- [SpringApplicationShutdownHook] com.zaxxer.hikari.HikariDataSource       : HikariPool-1 - Shutdown initiated...
2022-10-18 09:20:24.758  INFO 22700 --- [SpringApplicationShutdownHook] com.zaxxer.hikari.HikariDataSource       : HikariPool-1 - Shutdown completed.
2022-10-18 09:20:24.759  INFO 22700 --- [SpringApplicationShutdownHook] com.netflix.discovery.DiscoveryClient    : Shutting down DiscoveryClient ...
2022-10-18 09:20:27.786  INFO 22700 --- [SpringApplicationShutdownHook] com.netflix.discovery.DiscoveryClient    : Unregistering ...
2022-10-18 09:20:27.829  INFO 22700 --- [SpringApplicationShutdownHook] com.netflix.discovery.DiscoveryClient    : DiscoveryClient_MSCLIENT/msclient:6016d4777c26826375ff90606f35d572 - deregister  status: 200
2022-10-18 09:20:27.838  INFO 22700 --- [SpringApplicationShutdownHook] com.netflix.discovery.DiscoveryClient    : Completed shut down of DiscoveryClient
2022-10-18 09:22:08.269  INFO 23226 --- [restartedMain] com.hygor.msclient.MsclientApplication   : Starting MsclientApplication using Java 11.0.15 on MacBook-Air-de-Hygor.local with PID 23226 (/Users/hygor/Developer/Java/CursoRabbitMQ/msclient/target/classes started by hygor in /Users/hygor/Developer/Java/CursoRabbitMQ/msclient)
2022-10-18 09:22:08.270  INFO 23226 --- [restartedMain] com.hygor.msclient.MsclientApplication   : No active profile set, falling back to 1 default profile: "default"
2022-10-18 09:22:08.299  INFO 23226 --- [restartedMain] .e.DevToolsPropertyDefaultsPostProcessor : Devtools property defaults active! Set 'spring.devtools.add-properties' to 'false' to disable
2022-10-18 09:22:08.299  INFO 23226 --- [restartedMain] .e.DevToolsPropertyDefaultsPostProcessor : For additional web related logging consider setting the 'logging.level.web' property to 'DEBUG'
2022-10-18 09:22:08.844  INFO 23226 --- [restartedMain] .s.d.r.c.RepositoryConfigurationDelegate : Bootstrapping Spring Data JPA repositories in DEFAULT mode.
2022-10-18 09:22:08.937  INFO 23226 --- [restartedMain] .s.d.r.c.RepositoryConfigurationDelegate : Finished Spring Data repository scanning in 88 ms. Found 1 JPA repository interfaces.
2022-10-18 09:22:09.089  INFO 23226 --- [restartedMain] o.s.cloud.context.scope.GenericScope     : BeanFactory id=0e7b1130-a8c2-3679-8b96-782c00796ac4
2022-10-18 09:22:09.456  INFO 23226 --- [restartedMain] o.s.b.w.embedded.tomcat.TomcatWebServer  : Tomcat initialized with port(s): 0 (http)
2022-10-18 09:22:09.463  INFO 23226 --- [restartedMain] o.apache.catalina.core.StandardService   : Starting service [Tomcat]
2022-10-18 09:22:09.463  INFO 23226 --- [restartedMain] org.apache.catalina.core.StandardEngine  : Starting Servlet engine: [Apache Tomcat/9.0.65]
2022-10-18 09:22:09.511  INFO 23226 --- [restartedMain] o.a.c.c.C.[Tomcat].[localhost].[/]       : Initializing Spring embedded WebApplicationContext
2022-10-18 09:22:09.512  INFO 23226 --- [restartedMain] w.s.c.ServletWebServerApplicationContext : Root WebApplicationContext: initialization completed in 1213 ms
2022-10-18 09:22:09.577  INFO 23226 --- [restartedMain] com.zaxxer.hikari.HikariDataSource       : HikariPool-1 - Starting...
2022-10-18 09:22:09.711  INFO 23226 --- [restartedMain] com.zaxxer.hikari.HikariDataSource       : HikariPool-1 - Start completed.
2022-10-18 09:22:09.719  INFO 23226 --- [restartedMain] o.s.b.a.h2.H2ConsoleAutoConfiguration    : H2 console available at '/h2-console'. Database available at 'jdbc:h2:mem:7f4fc2ce-746c-42a0-a639-88ac8743b29d'
2022-10-18 09:22:09.829  INFO 23226 --- [restartedMain] o.hibernate.jpa.internal.util.LogHelper  : HHH000204: Processing PersistenceUnitInfo [name: default]
2022-10-18 09:22:09.858  INFO 23226 --- [restartedMain] org.hibernate.Version                    : HHH000412: Hibernate ORM core version 5.6.11.Final
2022-10-18 09:22:09.950  INFO 23226 --- [restartedMain] o.hibernate.annotations.common.Version   : HCANN000001: Hibernate Commons Annotations {5.1.2.Final}
2022-10-18 09:22:10.012  INFO 23226 --- [restartedMain] org.hibernate.dialect.Dialect            : HHH000400: Using dialect: org.hibernate.dialect.H2Dialect
2022-10-18 09:22:10.291  INFO 23226 --- [restartedMain] o.h.e.t.j.p.i.JtaPlatformInitiator       : HHH000490: Using JtaPlatform implementation: [org.hibernate.engine.transaction.jta.platform.internal.NoJtaPlatform]
2022-10-18 09:22:10.295  INFO 23226 --- [restartedMain] j.LocalContainerEntityManagerFactoryBean : Initialized JPA EntityManagerFactory for persistence unit 'default'
2022-10-18 09:22:10.528  WARN 23226 --- [restartedMain] JpaBaseConfiguration$JpaWebConfiguration : spring.jpa.open-in-view is enabled by default. Therefore, database queries may be performed during view rendering. Explicitly configure spring.jpa.open-in-view to disable this warning
2022-10-18 09:22:11.160  INFO 23226 --- [restartedMain] o.s.b.d.a.OptionalLiveReloadServer       : LiveReload server is running on port 35729
2022-10-18 09:22:11.171  INFO 23226 --- [restartedMain] DiscoveryClientOptionalArgsConfiguration : Eureka HTTP Client uses RestTemplate.
2022-10-18 09:22:11.208  WARN 23226 --- [restartedMain] iguration$LoadBalancerCaffeineWarnLogger : Spring Cloud LoadBalancer is currently working with the default cache. While this cache implementation is useful for development and tests, it's recommended to use Caffeine cache in production.You can switch to using Caffeine cache, by adding it and org.springframework.cache.caffeine.CaffeineCacheManager to the classpath.
2022-10-18 09:22:11.211  INFO 23226 --- [restartedMain] o.s.b.a.e.web.EndpointLinksResolver      : Exposing 17 endpoint(s) beneath base path '/actuator'
2022-10-18 09:22:11.242  INFO 23226 --- [restartedMain] o.s.b.w.embedded.tomcat.TomcatWebServer  : Tomcat started on port(s): 53243 (http) with context path ''
2022-10-18 09:22:11.243  INFO 23226 --- [restartedMain] .s.c.n.e.s.EurekaAutoServiceRegistration : Updating port to 53243
2022-10-18 09:22:11.245  INFO 23226 --- [restartedMain] o.s.c.n.eureka.InstanceInfoFactory       : Setting initial instance status as: STARTING
2022-10-18 09:22:11.288  INFO 23226 --- [restartedMain] com.netflix.discovery.DiscoveryClient    : Initializing Eureka in region us-east-1
2022-10-18 09:22:11.291  INFO 23226 --- [restartedMain] c.n.d.s.r.aws.ConfigClusterResolver      : Resolving eureka endpoints via configuration
2022-10-18 09:22:11.306  INFO 23226 --- [restartedMain] com.netflix.discovery.DiscoveryClient    : Disable delta property : false
2022-10-18 09:22:11.306  INFO 23226 --- [restartedMain] com.netflix.discovery.DiscoveryClient    : Single vip registry refresh property : null
2022-10-18 09:22:11.306  INFO 23226 --- [restartedMain] com.netflix.discovery.DiscoveryClient    : Force full registry fetch : false
2022-10-18 09:22:11.306  INFO 23226 --- [restartedMain] com.netflix.discovery.DiscoveryClient    : Application is null : false
2022-10-18 09:22:11.306  INFO 23226 --- [restartedMain] com.netflix.discovery.DiscoveryClient    : Registered Applications size is zero : true
2022-10-18 09:22:11.306  INFO 23226 --- [restartedMain] com.netflix.discovery.DiscoveryClient    : Application version is -1: true
2022-10-18 09:22:11.306  INFO 23226 --- [restartedMain] com.netflix.discovery.DiscoveryClient    : Getting all instance registry info from the eureka server
2022-10-18 09:22:11.610  INFO 23226 --- [restartedMain] com.netflix.discovery.DiscoveryClient    : The response status is 200
2022-10-18 09:22:11.611  INFO 23226 --- [restartedMain] com.netflix.discovery.DiscoveryClient    : Starting heartbeat executor: renew interval is: 30
2022-10-18 09:22:11.613  INFO 23226 --- [restartedMain] c.n.discovery.InstanceInfoReplicator     : InstanceInfoReplicator onDemand update allowed rate per min is 4
2022-10-18 09:22:11.615  INFO 23226 --- [restartedMain] com.netflix.discovery.DiscoveryClient    : Discovery Client initialized at timestamp 1666095731615 with initial instances count: 0
2022-10-18 09:22:11.616  INFO 23226 --- [restartedMain] o.s.c.n.e.s.EurekaServiceRegistry        : Registering application MSCLIENT with eureka with status UP
2022-10-18 09:22:11.617  INFO 23226 --- [restartedMain] com.netflix.discovery.DiscoveryClient    : Saw local status change event StatusChangeEvent [timestamp=1666095731617, current=UP, previous=STARTING]
2022-10-18 09:22:11.618  INFO 23226 --- [DiscoveryClient-InstanceInfoReplicator-0] com.netflix.discovery.DiscoveryClient    : DiscoveryClient_MSCLIENT/msclient:e2e36e2374859a6c81e242f3425545af: registering service...
2022-10-18 09:22:11.640  INFO 23226 --- [restartedMain] com.hygor.msclient.MsclientApplication   : Started MsclientApplication in 3.883 seconds (JVM running for 4.207)
2022-10-18 09:22:11.723  INFO 23226 --- [DiscoveryClient-InstanceInfoReplicator-0] com.netflix.discovery.DiscoveryClient    : DiscoveryClient_MSCLIENT/msclient:e2e36e2374859a6c81e242f3425545af - registration status: 204
2022-10-18 09:22:22.422  INFO 23226 --- [http-nio-auto-1-exec-1] o.a.c.c.C.[Tomcat].[localhost].[/]       : Initializing Spring DispatcherServlet 'dispatcherServlet'
2022-10-18 09:22:22.422  INFO 23226 --- [http-nio-auto-1-exec-1] o.s.web.servlet.DispatcherServlet        : Initializing Servlet 'dispatcherServlet'
2022-10-18 09:22:22.426  INFO 23226 --- [http-nio-auto-1-exec-1] o.s.web.servlet.DispatcherServlet        : Completed initialization in 4 ms
2022-10-18 09:22:40.933  INFO 23226 --- [http-nio-auto-1-exec-6] o.springdoc.api.AbstractOpenApiResource  : Init duration for springdoc-openapi is: 99 ms
2022-10-18 09:22:41.615  INFO 23226 --- [DiscoveryClient-CacheRefreshExecutor-0] com.netflix.discovery.DiscoveryClient    : Disable delta property : false
2022-10-18 09:22:41.616  INFO 23226 --- [DiscoveryClient-CacheRefreshExecutor-0] com.netflix.discovery.DiscoveryClient    : Single vip registry refresh property : null
2022-10-18 09:22:41.616  INFO 23226 --- [DiscoveryClient-CacheRefreshExecutor-0] com.netflix.discovery.DiscoveryClient    : Force full registry fetch : false
2022-10-18 09:22:41.616  INFO 23226 --- [DiscoveryClient-CacheRefreshExecutor-0] com.netflix.discovery.DiscoveryClient    : Application is null : false
2022-10-18 09:22:41.616  INFO 23226 --- [DiscoveryClient-CacheRefreshExecutor-0] com.netflix.discovery.DiscoveryClient    : Registered Applications size is zero : true
2022-10-18 09:22:41.616  INFO 23226 --- [DiscoveryClient-CacheRefreshExecutor-0] com.netflix.discovery.DiscoveryClient    : Application version is -1: false
2022-10-18 09:22:41.616  INFO 23226 --- [DiscoveryClient-CacheRefreshExecutor-0] com.netflix.discovery.DiscoveryClient    : Getting all instance registry info from the eureka server
2022-10-18 09:22:41.642  INFO 23226 --- [DiscoveryClient-CacheRefreshExecutor-0] com.netflix.discovery.DiscoveryClient    : The response status is 200
2022-10-18 09:23:54.137  INFO 23226 --- [SpringApplicationShutdownHook] o.s.c.n.e.s.EurekaServiceRegistry        : Unregistering application MSCLIENT with eureka with status DOWN
2022-10-18 09:23:54.138  INFO 23226 --- [SpringApplicationShutdownHook] com.netflix.discovery.DiscoveryClient    : Saw local status change event StatusChangeEvent [timestamp=1666095834138, current=DOWN, previous=UP]
2022-10-18 09:23:54.138  INFO 23226 --- [DiscoveryClient-InstanceInfoReplicator-0] com.netflix.discovery.DiscoveryClient    : DiscoveryClient_MSCLIENT/msclient:e2e36e2374859a6c81e242f3425545af: registering service...
2022-10-18 09:23:54.155  INFO 23226 --- [DiscoveryClient-InstanceInfoReplicator-0] com.netflix.discovery.DiscoveryClient    : DiscoveryClient_MSCLIENT/msclient:e2e36e2374859a6c81e242f3425545af - registration status: 204
2022-10-18 09:23:54.162  INFO 23226 --- [SpringApplicationShutdownHook] j.LocalContainerEntityManagerFactoryBean : Closing JPA EntityManagerFactory for persistence unit 'default'
2022-10-18 09:23:54.163  INFO 23226 --- [SpringApplicationShutdownHook] .SchemaDropperImpl$DelayedDropActionImpl : HHH000477: Starting delayed evictData of schema as part of SessionFactory shut-down'
2022-10-18 09:23:54.376  WARN 23226 --- [SpringApplicationShutdownHook] o.s.b.f.support.DisposableBeanAdapter    : Invocation of destroy method failed on bean with name 'inMemoryDatabaseShutdownExecutor': org.h2.jdbc.JdbcSQLNonTransientConnectionException: Database is already closed (to disable automatic closing at VM shutdown, add ";DB_CLOSE_ON_EXIT=FALSE" to the db URL) [90121-214]
2022-10-18 09:23:54.379  INFO 23226 --- [SpringApplicationShutdownHook] com.zaxxer.hikari.HikariDataSource       : HikariPool-1 - Shutdown initiated...
2022-10-18 09:23:54.396  INFO 23226 --- [SpringApplicationShutdownHook] com.zaxxer.hikari.HikariDataSource       : HikariPool-1 - Shutdown completed.
2022-10-18 09:23:54.397  INFO 23226 --- [SpringApplicationShutdownHook] com.netflix.discovery.DiscoveryClient    : Shutting down DiscoveryClient ...
2022-10-18 09:23:57.408  INFO 23226 --- [SpringApplicationShutdownHook] com.netflix.discovery.DiscoveryClient    : Unregistering ...
2022-10-18 09:23:57.419  INFO 23226 --- [SpringApplicationShutdownHook] com.netflix.discovery.DiscoveryClient    : DiscoveryClient_MSCLIENT/msclient:e2e36e2374859a6c81e242f3425545af - deregister  status: 200
2022-10-18 09:23:57.425  INFO 23226 --- [SpringApplicationShutdownHook] com.netflix.discovery.DiscoveryClient    : Completed shut down of DiscoveryClient
